<?xml version="1.0" encoding="UTF-8"?>
<testsuite xmlns:xsi="http://www.w3.org/2001/XMLSchema-instance" xsi:noNamespaceSchemaLocation="https://maven.apache.org/surefire/maven-surefire-plugin/xsd/surefire-test-report-3.0.xsd" version="3.0" name="com.example.practice.PracticeApplicationTests" time="0.637" tests="1" errors="0" skipped="0" failures="0">
  <properties>
[...]
</properties>
  <testcase name="contextLoads" classname="com.example.practice.PracticeApplicationTests" time="0.011">
    <system-out><![CDATA[2025-04-21 15:43:01.814  INFO 22792 --- [           main] .b.t.c.SpringBootTestContextBootstrapper : Neither @ContextConfiguration nor @ContextHierarchy found for test class [com.example.practice.PracticeApplicationTests], using SpringBootContextLoader
2025-04-21 15:43:01.814  INFO 22792 --- [           main] o.s.t.c.support.AbstractContextLoader    : Could not detect default resource locations for test class [com.example.practice.PracticeApplicationTests]: no resource found for suffixes {-context.xml, Context.groovy}.
2025-04-21 15:43:01.814  INFO 22792 --- [           main] t.c.s.AnnotationConfigContextLoaderUtils : Could not detect default configuration classes for test class [com.example.practice.PracticeApplicationTests]: PracticeApplicationTests does not declare any static, non-private, non-final, nested classes annotated with @Configuration.
2025-04-21 15:43:01.820  INFO 22792 --- [           main] .b.t.c.SpringBootTestContextBootstrapper : Found @SpringBootConfiguration com.example.practice.PracticeApplication for test class com.example.practice.PracticeApplicationTests
2025-04-21 15:43:01.822  INFO 22792 --- [           main] .b.t.c.SpringBootTestContextBootstrapper : Loaded default TestExecutionListener class names from location [META-INF/spring.factories]: [org.springframework.boot.test.mock.mockito.MockitoTestExecutionListener, org.springframework.boot.test.mock.mockito.ResetMocksTestExecutionListener, org.springframework.boot.test.autoconfigure.restdocs.RestDocsTestExecutionListener, org.springframework.boot.test.autoconfigure.web.client.MockRestServiceServerResetTestExecutionListener, org.springframework.boot.test.autoconfigure.web.servlet.MockMvcPrintOnlyOnFailureTestExecutionListener, org.springframework.boot.test.autoconfigure.web.servlet.WebDriverTestExecutionListener, org.springframework.boot.test.autoconfigure.webservices.client.MockWebServiceServerTestExecutionListener, org.springframework.test.context.web.ServletTestExecutionListener, org.springframework.test.context.support.DirtiesContextBeforeModesTestExecutionListener, org.springframework.test.context.event.ApplicationEventsTestExecutionListener, org.springframework.test.context.support.DependencyInjectionTestExecutionListener, org.springframework.test.context.support.DirtiesContextTestExecutionListener, org.springframework.test.context.transaction.TransactionalTestExecutionListener, org.springframework.test.context.jdbc.SqlScriptsTestExecutionListener, org.springframework.test.context.event.EventPublishingTestExecutionListener]
2025-04-21 15:43:01.823  INFO 22792 --- [           main] .b.t.c.SpringBootTestContextBootstrapper : Using TestExecutionListeners: [org.springframework.test.context.web.ServletTestExecutionListener@25214797, org.springframework.test.context.support.DirtiesContextBeforeModesTestExecutionListener@4e5c8ef3, org.springframework.test.context.event.ApplicationEventsTestExecutionListener@60928a61, org.springframework.boot.test.mock.mockito.MockitoTestExecutionListener@27358a19, org.springframework.boot.test.autoconfigure.SpringBootDependencyInjectionTestExecutionListener@8077c97, org.springframework.test.context.support.DirtiesContextTestExecutionListener@22865072, org.springframework.test.context.event.EventPublishingTestExecutionListener@563317c1, org.springframework.boot.test.mock.mockito.ResetMocksTestExecutionListener@5d5d3a5c, org.springframework.boot.test.autoconfigure.restdocs.RestDocsTestExecutionListener@6e0d16a4, org.springframework.boot.test.autoconfigure.web.client.MockRestServiceServerResetTestExecutionListener@7e18ced7, org.springframework.boot.test.autoconfigure.web.servlet.MockMvcPrintOnlyOnFailureTestExecutionListener@305b43ca, org.springframework.boot.test.autoconfigure.web.servlet.WebDriverTestExecutionListener@4601047, org.springframework.boot.test.autoconfigure.webservices.client.MockWebServiceServerTestExecutionListener@25e8e59]

  .   ____          _            __ _ _
 /\\ / ___'_ __ _ _(_)_ __  __ _ \ \ \ \
( ( )\___ | '_ | '_| | '_ \/ _` | \ \ \ \
 \\/  ___)| |_)| | | | | || (_| |  ) ) ) )
  '  |____| .__|_| |_|_| |_\__, | / / / /
 =========|_|==============|___/=/_/_/_/
 :: Spring Boot ::                (v2.5.4)

2025-04-21 15:43:01.844  INFO 22792 --- [           main] c.e.practice.PracticeApplicationTests    : Starting PracticeApplicationTests using Java 17.0.12 on Sheetal-Jain with PID 22792 (started by ADMIN in C:\Users\ADMIN\Downloads\java-cicd-k8s-project\your-java-project)
2025-04-21 15:43:01.845  INFO 22792 --- [           main] c.e.practice.PracticeApplicationTests    : No active profile set, falling back to default profiles: default
2025-04-21 15:43:02.229  WARN 22792 --- [           main] ion$DefaultTemplateResolverConfiguration : Cannot find template location: classpath:/templates/ (please add some templates or check your Thymeleaf configuration)
2025-04-21 15:43:02.394  INFO 22792 --- [           main] o.s.b.a.e.web.EndpointLinksResolver      : Exposing 1 endpoint(s) beneath base path '/actuator'
2025-04-21 15:43:02.433  INFO 22792 --- [           main] c.e.practice.PracticeApplicationTests    : Started PracticeApplicationTests in 0.607 seconds (JVM running for 3.09)
]]></system-out>
  </testcase>
</testsuite>